09/17/2012 04:46:58 PM Logger initialised...
09/17/2012 04:47:00 PM Time event
09/17/2012 04:47:00 PM Debug SMS sent 04:47:00 PM 
09/17/2012 04:47:00 PM Message status response 1
09/17/2012 04:48:11 PM Logger initialised...
09/17/2012 05:34:13 PM Logger initialised...
09/17/2012 05:35:00 PM Time event
09/17/2012 05:35:00 PM Debug SMS sent 05:35:00 PM 
09/17/2012 05:35:00 PM Message status response 1
09/17/2012 05:36:00 PM Time event
09/17/2012 05:36:00 PM Debug SMS sent 05:36:00 PM 
09/17/2012 05:36:00 PM Message status response 1
09/17/2012 05:37:00 PM Time event
09/17/2012 05:37:00 PM Debug SMS sent 05:37:00 PM 
09/17/2012 05:37:00 PM Message status response 1
09/17/2012 05:38:00 PM Time event
09/17/2012 05:38:00 PM Debug SMS sent 05:38:00 PM 
09/17/2012 05:38:00 PM Message status response 1
09/17/2012 05:39:00 PM Time event
09/17/2012 05:39:00 PM Debug SMS sent 05:39:00 PM 
09/17/2012 05:39:00 PM Message status response 1
09/17/2012 05:39:35 PM Logger initialised...
09/17/2012 05:39:47 PM Network info SWAP,Voltage,3.274
09/17/2012 05:39:53 PM Network info SWAP,Voltage,3.293
09/17/2012 05:40:01 PM Time event
09/17/2012 05:40:01 PM Debug SMS sent 05:40:01 PM 
09/17/2012 05:40:01 PM Message status response 1
09/17/2012 05:40:05 PM Network info SWAP,Voltage,3.274
09/17/2012 05:40:11 PM Network info SWAP,Voltage,3.283
09/17/2012 05:40:13 PM Network info SWAP,Voltage,3.293
09/17/2012 05:40:13 PM Network info SWAP,Event,195
09/17/2012 05:40:16 PM Network info SWAP,Voltage,3.293
09/17/2012 05:40:22 PM Network info SWAP,Voltage,3.283
09/17/2012 05:40:28 PM Network info SWAP,Voltage,3.293
09/17/2012 05:40:34 PM Network info SWAP,Voltage,3.274
09/17/2012 05:41:00 PM Time event
09/17/2012 05:41:00 PM Debug SMS sent 05:41:00 PM 
09/17/2012 05:41:00 PM Message status response 1
09/17/2012 05:41:15 PM Network info SWAP,Voltage,3.264
09/17/2012 05:41:21 PM Network info SWAP,Voltage,3.274
09/17/2012 05:41:27 PM Network info SWAP,Voltage,3.283
09/17/2012 05:41:33 PM Network info SWAP,Voltage,3.293
09/17/2012 05:41:39 PM Network info SWAP,Voltage,3.283
09/17/2012 05:41:44 PM Network info SWAP,Voltage,3.255
09/17/2012 05:41:50 PM Network info SWAP,Voltage,3.283
09/17/2012 05:41:56 PM Network info SWAP,Voltage,3.274
09/17/2012 05:42:00 PM Time event
09/17/2012 05:42:00 PM Debug SMS sent 05:42:00 PM 
09/17/2012 05:42:00 PM Message status response 1
09/17/2012 05:42:20 PM Network info SWAP,Voltage,3.264
09/17/2012 05:42:26 PM Network info SWAP,Voltage,3.293
09/17/2012 05:42:37 PM Network info SWAP,Voltage,3.274
09/17/2012 05:42:55 PM Network info SWAP,Voltage,3.283
09/17/2012 05:43:00 PM Time event
09/17/2012 05:43:00 PM Debug SMS sent 05:43:00 PM 
09/17/2012 05:43:00 PM Message status response 1
09/17/2012 05:43:01 PM Network info SWAP,Voltage,3.274
09/17/2012 05:43:07 PM Network info SWAP,Voltage,3.293
09/17/2012 05:43:24 PM Network info SWAP,Voltage,3.274
09/17/2012 05:43:45 PM Network info SWAP,Voltage,3.264
09/17/2012 05:43:45 PM Network info SWAP,Event,255
09/17/2012 05:43:45 PM Network info SWAP,Event,195
09/17/2012 05:43:45 PM Network info SWAP,Event,255
09/17/2012 05:44:00 PM Time event
09/17/2012 05:44:00 PM Debug SMS sent 05:44:00 PM 
09/17/2012 05:44:00 PM Message status response 1
09/17/2012 05:44:41 PM Network info SWAP,Voltage,3.293
09/17/2012 05:44:44 PM Network info SWAP,Event,195
09/17/2012 05:44:44 PM Network info SWAP,Voltage,3.274
09/17/2012 05:44:45 PM Network info SWAP,Event,255
09/17/2012 05:44:45 PM Network info SWAP,Event,195
09/17/2012 05:44:47 PM Network info SWAP,Voltage,3.283
09/17/2012 05:44:52 PM Network info SWAP,Voltage,3.274
09/17/2012 05:44:54 PM Network info SWAP,Voltage,3.283
09/17/2012 05:44:55 PM Network info SWAP,Event,255
09/17/2012 05:45:00 PM Time event
09/17/2012 05:45:00 PM Debug SMS sent 05:45:00 PM 
09/17/2012 05:45:00 PM Message status response 1
09/17/2012 05:45:04 PM Network info SWAP,Voltage,3.283
09/17/2012 05:45:15 PM Network info SWAP,Event,195
09/17/2012 05:45:15 PM Network info SWAP,Event,255
09/17/2012 05:45:16 PM Network info SWAP,Voltage,3.274
09/17/2012 05:45:27 PM Network info SWAP,Voltage,3.293
09/17/2012 05:45:27 PM Network info SWAP,Voltage,3.283
09/17/2012 05:45:29 PM Network info SWAP,Voltage,3.293
09/17/2012 05:45:29 PM Network info SWAP,Voltage,3.283
09/17/2012 05:45:30 PM Network info SWAP,Voltage,3.293
09/17/2012 05:45:30 PM Network info SWAP,Voltage,3.283
09/17/2012 05:45:32 PM Network info SWAP,Voltage,3.293
09/17/2012 05:45:32 PM Network info SWAP,Voltage,3.283
09/17/2012 05:45:33 PM Network info SWAP,Voltage,3.293
